<?xml version="1.0" encoding="UTF-8"?>
<!-- Generated by org.testng.reporters.JUnitReportReporter -->
<testsuite skipped="0" hostname="DESKTOP-9BMLCIN" name="qa.Test.HomePageTest" tests="3" failures="0" timestamp="10 Jan 2019 08:50:30 GMT" time="137.809" errors="0">
  <testcase name="verifyHomePageTitleTest" time="27.274" classname="qa.Test.HomePageTest"/>
  <testcase name="verifyUserNameTest" time="27.289" classname="qa.Test.HomePageTest"/>
  <testcase name="verifyContactsLinkTest" time="83.246" classname="qa.Test.HomePageTest"/>
</testsuite> <!-- qa.Test.HomePageTest -->
