<?xml version="1.0" encoding="UTF-8"?>
<!-- Generated by org.testng.reporters.JUnitReportReporter -->
<testsuite skipped="0" hostname="ADMINRG-IERDROD" name="qa.Test.LoginPageTest" tests="3" failures="0" timestamp="02 Jan 2019 11:11:29 GMT" time="69.774" errors="0">
  <testcase name="loginPageTitleTest" time="16.269" classname="qa.Test.LoginPageTest"/>
  <testcase name="crmlogoImageTest" time="19.338" classname="qa.Test.LoginPageTest"/>
  <testcase name="loginTest" time="34.167" classname="qa.Test.LoginPageTest"/>
</testsuite> <!-- qa.Test.LoginPageTest -->
