<?xml version="1.0" encoding="UTF-8"?>
<!-- Generated by org.testng.reporters.JUnitReportReporter -->
<testsuite skipped="0" hostname="DESKTOP-9BMLCIN" name="qa.Test.LoginPageTest" tests="3" failures="0" timestamp="07 Jan 2019 11:32:14 GMT" time="55.883" errors="0">
  <testcase name="loginPageTitleTest" time="13.050" classname="qa.Test.LoginPageTest"/>
  <testcase name="crmlogoImageTest" time="14.401" classname="qa.Test.LoginPageTest"/>
  <testcase name="loginTest" time="28.432" classname="qa.Test.LoginPageTest"/>
</testsuite> <!-- qa.Test.LoginPageTest -->
