<?xml version="1.0" encoding="UTF-8"?>
<!-- Generated by org.testng.reporters.JUnitReportReporter -->
<testsuite skipped="0" hostname="DESKTOP-9BMLCIN" name="qa.Test.ContactsPageTest" tests="5" failures="0" timestamp="10 Jan 2019 05:06:13 GMT" time="182.399" errors="0">
  <testcase name="validateCreateNewContact" time="37.591" classname="qa.Test.ContactsPageTest"/>
  <testcase name="validateCreateNewContact" time="36.290" classname="qa.Test.ContactsPageTest"/>
  <testcase name="validateCreateNewContact" time="35.754" classname="qa.Test.ContactsPageTest"/>
  <testcase name="verifyContactsPageLabl" time="36.817" classname="qa.Test.ContactsPageTest"/>
  <testcase name="selectContactsTest" time="35.947" classname="qa.Test.ContactsPageTest"/>
</testsuite> <!-- qa.Test.ContactsPageTest -->
